Determining if the pthread_create exist failed with the following output:
Change Dir: /home/robot/catkin_ws/build/CMakeFiles/CMakeTmp

Run Build Command:"/usr/bin/make" "cmTC_d6f9d/fast"
/usr/bin/make -f CMakeFiles/cmTC_d6f9d.dir/build.make CMakeFiles/cmTC_d6f9d.dir/build
make[1]: Entering directory '/home/robot/catkin_ws/build/CMakeFiles/CMakeTmp'
Building C object CMakeFiles/cmTC_d6f9d.dir/CheckSymbolExists.c.o
/usr/bin/cc    -o CMakeFiles/cmTC_d6f9d.dir/CheckSymbolExists.c.o   -c /home/robot/catkin_ws/build/CMakeFiles/CMakeTmp/CheckSymbolExists.c
Linking C executable cmTC_d6f9d
/usr/bin/cmake -E cmake_link_script CMakeFiles/cmTC_d6f9d.dir/link.txt --verbose=1
/usr/bin/cc      -rdynamic CMakeFiles/cmTC_d6f9d.dir/CheckSymbolExists.c.o  -o cmTC_d6f9d 
CMakeFiles/cmTC_d6f9d.dir/CheckSymbolExists.c.o: In function `main':
CheckSymbolExists.c:(.text+0x1b): undefined reference to `pthread_create'
collect2: error: ld returned 1 exit status
CMakeFiles/cmTC_d6f9d.dir/build.make:97: recipe for target 'cmTC_d6f9d' failed
make[1]: *** [cmTC_d6f9d] Error 1
make[1]: Leaving directory '/home/robot/catkin_ws/build/CMakeFiles/CMakeTmp'
Makefile:126: recipe for target 'cmTC_d6f9d/fast' failed
make: *** [cmTC_d6f9d/fast] Error 2

File /home/robot/catkin_ws/build/CMakeFiles/CMakeTmp/CheckSymbolExists.c:
/* */
#include <pthread.h>

int main(int argc, char** argv)
{
  (void)argv;
#ifndef pthread_create
  return ((int*)(&pthread_create))[argc];
#else
  (void)argc;
  return 0;
#endif
}

Determining if the function pthread_create exists in the pthreads failed with the following output:
Change Dir: /home/robot/catkin_ws/build/CMakeFiles/CMakeTmp

Run Build Command:"/usr/bin/make" "cmTC_e16f9/fast"
/usr/bin/make -f CMakeFiles/cmTC_e16f9.dir/build.make CMakeFiles/cmTC_e16f9.dir/build
make[1]: Entering directory '/home/robot/catkin_ws/build/CMakeFiles/CMakeTmp'
Building C object CMakeFiles/cmTC_e16f9.dir/CheckFunctionExists.c.o
/usr/bin/cc   -DCHECK_FUNCTION_EXISTS=pthread_create   -o CMakeFiles/cmTC_e16f9.dir/CheckFunctionExists.c.o   -c /usr/share/cmake-3.10/Modules/CheckFunctionExists.c
Linking C executable cmTC_e16f9
/usr/bin/cmake -E cmake_link_script CMakeFiles/cmTC_e16f9.dir/link.txt --verbose=1
/usr/bin/cc  -DCHECK_FUNCTION_EXISTS=pthread_create    -rdynamic CMakeFiles/cmTC_e16f9.dir/CheckFunctionExists.c.o  -o cmTC_e16f9 -lpthreads 
/usr/bin/ld: cannot find -lpthreads
collect2: error: ld returned 1 exit status
CMakeFiles/cmTC_e16f9.dir/build.make:97: recipe for target 'cmTC_e16f9' failed
make[1]: *** [cmTC_e16f9] Error 1
make[1]: Leaving directory '/home/robot/catkin_ws/build/CMakeFiles/CMakeTmp'
Makefile:126: recipe for target 'cmTC_e16f9/fast' failed
make: *** [cmTC_e16f9/fast] Error 2


Performing C SOURCE FILE Test CMAKE_HAVE_LIBC_PTHREAD failed with the following output:
Change Dir: /home/robot/catkin_ws/build/CMakeFiles/CMakeTmp

Run Build Command(s):/usr/bin/make cmTC_e39b7/fast && /usr/bin/make -f CMakeFiles/cmTC_e39b7.dir/build.make CMakeFiles/cmTC_e39b7.dir/build
make[1]: Entering directory '/home/robot/catkin_ws/build/CMakeFiles/CMakeTmp'
Building C object CMakeFiles/cmTC_e39b7.dir/src.c.o
/usr/bin/cc   -DCMAKE_HAVE_LIBC_PTHREAD   -o CMakeFiles/cmTC_e39b7.dir/src.c.o   -c /home/robot/catkin_ws/build/CMakeFiles/CMakeTmp/src.c
Linking C executable cmTC_e39b7
/usr/local/bin/cmake -E cmake_link_script CMakeFiles/cmTC_e39b7.dir/link.txt --verbose=1
/usr/bin/cc  -DCMAKE_HAVE_LIBC_PTHREAD    -rdynamic CMakeFiles/cmTC_e39b7.dir/src.c.o  -o cmTC_e39b7 
CMakeFiles/cmTC_e39b7.dir/src.c.o: In function `main':
src.c:(.text+0x3e): undefined reference to `pthread_create'
src.c:(.text+0x4a): undefined reference to `pthread_detach'
src.c:(.text+0x5b): undefined reference to `pthread_join'
src.c:(.text+0x6f): undefined reference to `pthread_atfork'
collect2: error: ld returned 1 exit status
CMakeFiles/cmTC_e39b7.dir/build.make:86: recipe for target 'cmTC_e39b7' failed
make[1]: *** [cmTC_e39b7] Error 1
make[1]: Leaving directory '/home/robot/catkin_ws/build/CMakeFiles/CMakeTmp'
Makefile:121: recipe for target 'cmTC_e39b7/fast' failed
make: *** [cmTC_e39b7/fast] Error 2


Source file was:
#include <pthread.h>

void* test_func(void* data)
{
  return data;
}

int main(void)
{
  pthread_t thread;
  pthread_create(&thread, NULL, test_func, NULL);
  pthread_detach(thread);
  pthread_join(thread, NULL);
  pthread_atfork(NULL, NULL, NULL);
  pthread_exit(NULL);

  return 0;
}

